{
    "final": {
        "0": {
            "seed": 1,
            "position": [
                0.0,
                0.0,
                0.0
            ],
            "epsilon": 0.1,
            "wsize": 1e-06
        },
        "2": {
            "seed": 3,
            "position": [
                0.0,
                1e-06,
                0.0
            ],
            "epsilon": 0.1,
            "wsize": 1e-06
        },
        "1": {
            "seed": 2,
            "position": [
                1e-06,
                0.0,
                0.0
            ],
            "epsilon": 0.1,
            "wsize": 1e-06
        },
        "4": {
            "seed": 5,
            "position": [
                1e-06,
                1e-06,
                0.0
            ],
            "epsilon": 0.1,
            "wsize": 1e-06
        },
        "3": {
            "seed": 4,
            "position": [
                0.0,
                0.0,
                0.0
            ],
            "epsilon": 0.1,
            "wsize": 1e-06
        },
        "7": {
            "seed": 8,
            "position": [
                0.0,
                1e-06,
                0.0
            ],
            "epsilon": 0.1,
            "wsize": 1e-06
        },
        "6": {
            "seed": 7,
            "position": [
                1e-06,
                0.0,
                0.0
            ],
            "epsilon": 0.1,
            "wsize": 1e-06
        },
        "11": {
            "seed": 12,
            "position": [
                1e-06,
                1e-06,
                0.0
            ],
            "epsilon": 0.1,
            "wsize": 1e-06
        }
    },
    "signaling": [
        [
            "0",
            "1",
            "3",
            "6"
        ],
        [
            "0",
            "2",
            "3",
            "7"
        ],
        [
            "11",
            "2",
            "4",
            "7"
        ],
        [
            "1",
            "11",
            "4",
            "6"
        ]
    ]
}